Design Assistant report for top
Sun Feb 20 15:07:10 2022
Quartus Prime Version 21.1.0 Build 842 10/21/2021 SJ Lite Edition


---------------------
; Table of Contents ;
---------------------
  1. Legal Notice
  2. Design Assistant Summary
  3. Design Assistant Settings
  4. High Violations
  5. Medium Violations
  6. Information only Violations
  7. Design Assistant Messages



----------------
; Legal Notice ;
----------------
Copyright (C) 2021  Intel Corporation. All rights reserved.
Your use of Intel Corporation's design tools, logic functions 
and other software and tools, and any partner logic 
functions, and any output files from any of the foregoing 
(including device programming or simulation files), and any 
associated documentation or information are expressly subject 
to the terms and conditions of the Intel Program License 
Subscription Agreement, the Intel Quartus Prime License Agreement,
the Intel FPGA IP License Agreement, or other applicable license
agreement, including, without limitation, that your use is for
the sole purpose of programming logic devices manufactured by
Intel and sold by Intel or its authorized distributors.  Please
refer to the applicable agreement for further details, at
https://fpgasoftware.intel.com/eula.



+-------------------------------------------------------------------------+
; Design Assistant Summary                                                ;
+-----------------------------------+-------------------------------------+
; Design Assistant Status           ; Analyzed - Sun Feb 20 15:07:10 2022 ;
; Revision Name                     ; top                                 ;
; Top-level Entity Name             ; top                                 ;
; Family                            ; Cyclone IV E                        ;
; Total Critical Violations         ; 0                                   ;
; Total High Violations             ; 5                                   ;
; - Rule C105                       ; 1                                   ;
; - Rule D101                       ; 3                                   ;
; - Rule D103                       ; 1                                   ;
; Total Medium Violations           ; 2                                   ;
; - Rule C106                       ; 1                                   ;
; - Rule R105                       ; 1                                   ;
; Total Information only Violations ; 67                                  ;
; - Rule T101                       ; 17                                  ;
; - Rule T102                       ; 50                                  ;
+-----------------------------------+-------------------------------------+


+------------------------------------------------------------------------------------------------------------------------------------------------------------------------------------------+
; Design Assistant Settings                                                                                                                                                                ;
+----------------------------------------------------------------------------------------------------------------------------------------------------------------------+--------------+----+
; Option                                                                                                                                                               ; Setting      ; To ;
+----------------------------------------------------------------------------------------------------------------------------------------------------------------------+--------------+----+
; Design Assistant mode                                                                                                                                                ; Post-Fitting ;    ;
; Threshold value for clock net not mapped to clock spines rule                                                                                                        ; 25           ;    ;
; Minimum number of clock port feed by gated clocks                                                                                                                    ; 30           ;    ;
; Minimum number of node fan-out                                                                                                                                       ; 30           ;    ;
; Maximum number of nodes to report                                                                                                                                    ; 50           ;    ;
; Rule C101: Gated clock should be implemented according to the Intel FPGA standard scheme                                                                             ; On           ;    ;
; Rule C102: Logic cell should not be used to generate an inverted clock signal                                                                                        ; On           ;    ;
; Rule C103: Gated clock does not feed at least a pre-defined number of clock ports to effectively save power                                                          ; On           ;    ;
; Rule C104: Clock signal source should drive only clock input ports                                                                                                   ; On           ;    ;
; Rule C105: Clock signal should be a global signal                                                                                                                    ; On           ;    ;
; Rule C106: Clock signal source should not drive registers triggered by different clock edges                                                                         ; On           ;    ;
; Rule R101: Combinational logic used as a reset signal should be synchronized                                                                                         ; On           ;    ;
; Rule R102: External reset signals should be synchronized using two cascaded registers                                                                                ; On           ;    ;
; Rule R103: External reset signal should be correctly synchronized                                                                                                    ; On           ;    ;
; Rule R104: The reset signal that is generated in one clock domain and used in another clock domain should be correctly synchronized                                  ; On           ;    ;
; Rule R105: The reset signal that is generated in one clock domain and used in another clock domain should be synchronized                                            ; On           ;    ;
; Rule T101: Nodes with more than the specified number of fan-outs                                                                                                     ; On           ;    ;
; Rule T102: Top nodes with the highest number of fan-outs                                                                                                             ; On           ;    ;
; Rule A101: Design should not contain combinational loops                                                                                                             ; On           ;    ;
; Rule A102: Register output should not drive its own control signal directly or through combinational logic                                                           ; On           ;    ;
; Rule A103: Design should not contain delay chains                                                                                                                    ; On           ;    ;
; Rule A104: Design should not contain ripple clock structures                                                                                                         ; On           ;    ;
; Rule A105: Pulses should not be implemented asynchronously                                                                                                           ; On           ;    ;
; Rule A106: Multiple pulses should not be generated in design                                                                                                         ; On           ;    ;
; Rule A107: Design should not contain SR latches                                                                                                                      ; On           ;    ;
; Rule A108: Design should not contain latches                                                                                                                         ; On           ;    ;
; Rule S101: Output enable and input of the same tri-state node should not be driven by same signal source                                                             ; On           ;    ;
; Rule S102: Synchronous port and asynchronous port of the same register should not be driven by the same signal source                                                ; On           ;    ;
; Rule S103: More than one asynchronous port of a register should not be driven by the same signal source                                                              ; On           ;    ;
; Rule S104: Clock port and any other port of a register should not be driven by the same signal source                                                                ; On           ;    ;
; Rule D101: Data bits are not synchronized when transferred between asynchronous clock domains                                                                        ; On           ;    ;
; Rule D102: Multiple data bits that are transferred across asynchronous clock domains are synchronized, but not all bits may be aligned in the receiving clock domain ; On           ;    ;
; Rule D103: Data bits are not correctly synchronized when transferred between asynchronous clock domains                                                              ; On           ;    ;
+----------------------------------------------------------------------------------------------------------------------------------------------------------------------+--------------+----+


+----------------------------------------------------------------------------------------------------------------------------------------------------------------------------+
; High Violations                                                                                                                                                            ;
+-----------------------------------------------------------------------------------------------------------------------+----------------------------------------------------+
; Rule name                                                                                                             ; Name                                               ;
+-----------------------------------------------------------------------------------------------------------------------+----------------------------------------------------+
; Rule C105: Clock signal should be a global signal                                                                     ; PIXCLK                                             ;
; Rule D101: Data bits are not synchronized when transferred between asynchronous clock domains - Structure 1           ;                                                    ;
;  Source node(s) from clock "CLK_10M"                                                                                  ; Reset:reset|nReset                                 ;
;  Destination node(s) from clock "Pll:pll|Pll_altpll_0:altpll_0|Pll_altpll_0_altpll_rrh2:sd1|wire_pll7_clk[1]"         ; LED:led|InitLed:initLed|i_state.0100               ;
;  Destination node(s) from clock "Pll:pll|Pll_altpll_0:altpll_0|Pll_altpll_0_altpll_rrh2:sd1|wire_pll7_clk[1]"         ; LED:led|InitLed:initLed|i_state.0101               ;
;  Destination node(s) from clock "Pll:pll|Pll_altpll_0:altpll_0|Pll_altpll_0_altpll_rrh2:sd1|wire_pll7_clk[1]"         ; LED:led|InitLed:initLed|i_state.0001               ;
;  Destination node(s) from clock "Pll:pll|Pll_altpll_0:altpll_0|Pll_altpll_0_altpll_rrh2:sd1|wire_pll7_clk[1]"         ; LED:led|InitLed:initLed|i_state.0010               ;
;  Destination node(s) from clock "Pll:pll|Pll_altpll_0:altpll_0|Pll_altpll_0_altpll_rrh2:sd1|wire_pll7_clk[1]"         ; LED:led|InitLed:initLed|i_state.1001               ;
;  Destination node(s) from clock "Pll:pll|Pll_altpll_0:altpll_0|Pll_altpll_0_altpll_rrh2:sd1|wire_pll7_clk[1]"         ; LED:led|InitLed:initLed|controlSentOnce            ;
;  Destination node(s) from clock "Pll:pll|Pll_altpll_0:altpll_0|Pll_altpll_0_altpll_rrh2:sd1|wire_pll7_clk[1]"         ; LED:led|InitLed:initLed|cntTLC5955[0]              ;
;  Destination node(s) from clock "Pll:pll|Pll_altpll_0:altpll_0|Pll_altpll_0_altpll_rrh2:sd1|wire_pll7_clk[1]"         ; LED:led|InitLed:initLed|i_state.0000               ;
;  Destination node(s) from clock "Pll:pll|Pll_altpll_0:altpll_0|Pll_altpll_0_altpll_rrh2:sd1|wire_pll7_clk[1]"         ; LED:led|InitLed:initLed|TLC5955:tlc5955|m_state.00 ;
;  Destination node(s) from clock "Pll:pll|Pll_altpll_0:altpll_0|Pll_altpll_0_altpll_rrh2:sd1|wire_pll7_clk[1]"         ; LED:led|InitLed:initLed|TLC5955:tlc5955|m_state.10 ;
;  Destination node(s) from clock "Pll:pll|Pll_altpll_0:altpll_0|Pll_altpll_0_altpll_rrh2:sd1|wire_pll7_clk[0]"         ; LED:led|readCnt[15]                                ;
;  Destination node(s) from clock "Pll:pll|Pll_altpll_0:altpll_0|Pll_altpll_0_altpll_rrh2:sd1|wire_pll7_clk[0]"         ; LED:led|readCnt[14]                                ;
;  Destination node(s) from clock "Pll:pll|Pll_altpll_0:altpll_0|Pll_altpll_0_altpll_rrh2:sd1|wire_pll7_clk[0]"         ; LED:led|readCnt[13]                                ;
;  Destination node(s) from clock "Pll:pll|Pll_altpll_0:altpll_0|Pll_altpll_0_altpll_rrh2:sd1|wire_pll7_clk[0]"         ; LED:led|readCnt[11]                                ;
;  Destination node(s) from clock "Pll:pll|Pll_altpll_0:altpll_0|Pll_altpll_0_altpll_rrh2:sd1|wire_pll7_clk[0]"         ; LED:led|readCnt[10]                                ;
;  Destination node(s) from clock "Pll:pll|Pll_altpll_0:altpll_0|Pll_altpll_0_altpll_rrh2:sd1|wire_pll7_clk[0]"         ; LED:led|readCnt[9]                                 ;
;  Destination node(s) from clock "Pll:pll|Pll_altpll_0:altpll_0|Pll_altpll_0_altpll_rrh2:sd1|wire_pll7_clk[0]"         ; LED:led|readCnt[8]                                 ;
;  Destination node(s) from clock "Pll:pll|Pll_altpll_0:altpll_0|Pll_altpll_0_altpll_rrh2:sd1|wire_pll7_clk[0]"         ; LED:led|readCnt[12]                                ;
;  Destination node(s) from clock "Pll:pll|Pll_altpll_0:altpll_0|Pll_altpll_0_altpll_rrh2:sd1|wire_pll7_clk[0]"         ; LED:led|readCnt[6]                                 ;
;  Destination node(s) from clock "Pll:pll|Pll_altpll_0:altpll_0|Pll_altpll_0_altpll_rrh2:sd1|wire_pll7_clk[0]"         ; LED:led|readCnt[5]                                 ;
;  Destination node(s) from clock "PIXCLK"                                                                              ; DVI:dvi|v_state.10                                 ;
;  Destination node(s) from clock "PIXCLK"                                                                              ; DVI:dvi|v_state.00                                 ;
;  Destination node(s) from clock "PIXCLK"                                                                              ; DVI:dvi|v_state.01                                 ;
;  Destination node(s) from clock "PIXCLK"                                                                              ; DVI:dvi|vsyncFound                                 ;
; Rule D101: Data bits are not synchronized when transferred between asynchronous clock domains - Structure 2           ;                                                    ;
;  Source node(s) from clock "Pll:pll|Pll_altpll_0:altpll_0|Pll_altpll_0_altpll_rrh2:sd1|wire_pll7_clk[1]"              ; LED:led|LedCtrl:ledCtrl|busy                       ;
;  Destination node(s) from clock "Pll:pll|Pll_altpll_0:altpll_0|Pll_altpll_0_altpll_rrh2:sd1|wire_pll7_clk[0]"         ; LED:led|state[2]                                   ;
;  Destination node(s) from clock "Pll:pll|Pll_altpll_0:altpll_0|Pll_altpll_0_altpll_rrh2:sd1|wire_pll7_clk[0]"         ; LED:led|ledCmdStart_SDRAM                          ;
;  Destination node(s) from clock "Pll:pll|Pll_altpll_0:altpll_0|Pll_altpll_0_altpll_rrh2:sd1|wire_pll7_clk[0]"         ; LED:led|state[0]                                   ;
; Rule D101: Data bits are not synchronized when transferred between asynchronous clock domains - Structure 3           ;                                                    ;
;  Source node(s) from clock "CLK_10M"                                                                                  ; LED:led|mag                                        ;
;  Destination node(s) from clock "Pll:pll|Pll_altpll_0:altpll_0|Pll_altpll_0_altpll_rrh2:sd1|wire_pll7_clk[0]"         ; LED:led|TurnTimer:turnTimer|magChange              ;
;  Destination node(s) from clock "Pll:pll|Pll_altpll_0:altpll_0|Pll_altpll_0_altpll_rrh2:sd1|wire_pll7_clk[0]"         ; LED:led|TurnTimer:turnTimer|magIdx[9]              ;
;  Destination node(s) from clock "Pll:pll|Pll_altpll_0:altpll_0|Pll_altpll_0_altpll_rrh2:sd1|wire_pll7_clk[0]"         ; LED:led|TurnTimer:turnTimer|magIdx[8]              ;
;  Destination node(s) from clock "Pll:pll|Pll_altpll_0:altpll_0|Pll_altpll_0_altpll_rrh2:sd1|wire_pll7_clk[0]"         ; LED:led|TurnTimer:turnTimer|magIdx[6]              ;
;  Destination node(s) from clock "Pll:pll|Pll_altpll_0:altpll_0|Pll_altpll_0_altpll_rrh2:sd1|wire_pll7_clk[0]"         ; LED:led|TurnTimer:turnTimer|magIdx[5]              ;
;  Destination node(s) from clock "Pll:pll|Pll_altpll_0:altpll_0|Pll_altpll_0_altpll_rrh2:sd1|wire_pll7_clk[0]"         ; LED:led|TurnTimer:turnTimer|magIdx[4]              ;
;  Destination node(s) from clock "Pll:pll|Pll_altpll_0:altpll_0|Pll_altpll_0_altpll_rrh2:sd1|wire_pll7_clk[0]"         ; LED:led|TurnTimer:turnTimer|magIdx[3]              ;
;  Destination node(s) from clock "Pll:pll|Pll_altpll_0:altpll_0|Pll_altpll_0_altpll_rrh2:sd1|wire_pll7_clk[0]"         ; LED:led|TurnTimer:turnTimer|magIdx[2]              ;
;  Destination node(s) from clock "Pll:pll|Pll_altpll_0:altpll_0|Pll_altpll_0_altpll_rrh2:sd1|wire_pll7_clk[0]"         ; LED:led|TurnTimer:turnTimer|magIdx[1]              ;
;  Destination node(s) from clock "Pll:pll|Pll_altpll_0:altpll_0|Pll_altpll_0_altpll_rrh2:sd1|wire_pll7_clk[0]"         ; LED:led|TurnTimer:turnTimer|magIdx[0]              ;
; Rule D103: Data bits are not correctly synchronized when transferred between asynchronous clock domains - Structure 1 ;                                                    ;
;  Source node(s) from clock "CLK_10M"                                                                                  ; Reset:reset|nReset                                 ;
;  Synchronizer node(s) from clock "Pll:pll|Pll_altpll_0:altpll_0|Pll_altpll_0_altpll_rrh2:sd1|wire_pll7_clk[1]"        ; LED:led|InitLed:initLed|i_state.0000               ;
;  Synchronizer node(s) from clock "Pll:pll|Pll_altpll_0:altpll_0|Pll_altpll_0_altpll_rrh2:sd1|wire_pll7_clk[1]"        ; LED:led|InitLed:initLed|data[7]                    ;
+-----------------------------------------------------------------------------------------------------------------------+----------------------------------------------------+


+--------------------------------------------------------------------------------------------------------------------------------------------------------------------------------------------------------------------------------------------------------------------+
; Medium Violations                                                                                                                                                                                                                                                  ;
+----------------------------------------------------------------------------------------------------------------------------+---------------------------------------------------------------------------------------------------------------------------------------+
; Rule name                                                                                                                  ; Name                                                                                                                                  ;
+----------------------------------------------------------------------------------------------------------------------------+---------------------------------------------------------------------------------------------------------------------------------------+
; Rule C106: Clock signal source should not drive registers triggered by different clock edges                               ; PIXCLK                                                                                                                                ;
;  Positive edge destination node(s) list                                                                                    ; DVI:dvi|VideoFifo:videoFifo|dcfifo:dcfifo_component|dcfifo_oei1:auto_generated|a_graycounter_n5c:wrptr_g1p|counter8a4                 ;
;  Positive edge destination node(s) list                                                                                    ; DVI:dvi|VideoFifo:videoFifo|dcfifo:dcfifo_component|dcfifo_oei1:auto_generated|a_graycounter_n5c:wrptr_g1p|counter8a6                 ;
;  Positive edge destination node(s) list                                                                                    ; DVI:dvi|VideoFifo:videoFifo|dcfifo:dcfifo_component|dcfifo_oei1:auto_generated|a_graycounter_n5c:wrptr_g1p|counter8a8                 ;
;  Positive edge destination node(s) list                                                                                    ; DVI:dvi|VideoFifo:videoFifo|dcfifo:dcfifo_component|dcfifo_oei1:auto_generated|a_graycounter_n5c:wrptr_g1p|counter8a2                 ;
;  Positive edge destination node(s) list                                                                                    ; DVI:dvi|VideoFifo:videoFifo|dcfifo:dcfifo_component|dcfifo_oei1:auto_generated|a_graycounter_n5c:wrptr_g1p|counter8a1                 ;
;  Positive edge destination node(s) list                                                                                    ; DVI:dvi|VideoFifo:videoFifo|dcfifo:dcfifo_component|dcfifo_oei1:auto_generated|a_graycounter_n5c:wrptr_g1p|counter8a3                 ;
;  Positive edge destination node(s) list                                                                                    ; DVI:dvi|VideoFifo:videoFifo|dcfifo:dcfifo_component|dcfifo_oei1:auto_generated|a_graycounter_n5c:wrptr_g1p|counter8a7                 ;
;  Positive edge destination node(s) list                                                                                    ; DVI:dvi|VideoFifo:videoFifo|dcfifo:dcfifo_component|dcfifo_oei1:auto_generated|a_graycounter_n5c:wrptr_g1p|counter8a5                 ;
;  Negative edge destination node(s) list                                                                                    ; DVI:dvi|xCnt[8]                                                                                                                       ;
;  Negative edge destination node(s) list                                                                                    ; DVI:dvi|xCnt[10]                                                                                                                      ;
;  Negative edge destination node(s) list                                                                                    ; DVI:dvi|xCnt[6]                                                                                                                       ;
;  Negative edge destination node(s) list                                                                                    ; DVI:dvi|xCnt[7]                                                                                                                       ;
;  Negative edge destination node(s) list                                                                                    ; DVI:dvi|xCnt[9]                                                                                                                       ;
;  Negative edge destination node(s) list                                                                                    ; DVI:dvi|refreshCnt[1]                                                                                                                 ;
;  Negative edge destination node(s) list                                                                                    ; DVI:dvi|refreshCnt[0]                                                                                                                 ;
;  Negative edge destination node(s) list                                                                                    ; DVI:dvi|yCnt[10]                                                                                                                      ;
; Rule R105: The reset signal that is generated in one clock domain and used in another clock domain should be synchronized  ; Reset:reset|nReset                                                                                                                    ;
;  Reset signal destination node(s) from clock "Pll:pll|Pll_altpll_0:altpll_0|Pll_altpll_0_altpll_rrh2:sd1|wire_pll7_clk[0]" ; SDRAM:sdram|altera_reset_controller:rst_controller|altera_reset_synchronizer:alt_rst_sync_uq1|altera_reset_synchronizer_int_chain_out ;
;  Reset signal destination node(s) from clock "Pll:pll|Pll_altpll_0:altpll_0|Pll_altpll_0_altpll_rrh2:sd1|wire_pll7_clk[0]" ; SDRAM:sdram|altera_reset_controller:rst_controller|altera_reset_synchronizer:alt_rst_sync_uq1|altera_reset_synchronizer_int_chain[0]  ;
;  Reset signal destination node(s) from clock "Pll:pll|Pll_altpll_0:altpll_0|Pll_altpll_0_altpll_rrh2:sd1|wire_pll7_clk[0]" ; SDRAM:sdram|altera_reset_controller:rst_controller|altera_reset_synchronizer:alt_rst_sync_uq1|altera_reset_synchronizer_int_chain[1]  ;
+----------------------------------------------------------------------------------------------------------------------------+---------------------------------------------------------------------------------------------------------------------------------------+


+--------------------------------------------------------------------------------------------------------------------------------------------------------------------------------------------------------------------+
; Information only Violations                                                                                                                                                                                        ;
+------------------------------------------------------------------+---------------------------------------------------------------------------------------------------------------------------------------+---------+
; Rule name                                                        ; Name                                                                                                                                  ; Fan-Out ;
+------------------------------------------------------------------+---------------------------------------------------------------------------------------------------------------------------------------+---------+
; Rule T101: Nodes with more than the specified number of fan-outs ; Reset:reset|nReset                                                                                                                    ; 87      ;
; Rule T101: Nodes with more than the specified number of fan-outs ; LED:led|state[0]                                                                                                                      ; 35      ;
; Rule T101: Nodes with more than the specified number of fan-outs ; Pll:pll|Pll_altpll_0:altpll_0|Pll_altpll_0_altpll_rrh2:sd1|wire_pll7_clk[1]~clkctrl                                                   ; 80      ;
; Rule T101: Nodes with more than the specified number of fan-outs ; Pll:pll|Pll_altpll_0:altpll_0|Pll_altpll_0_altpll_rrh2:sd1|wire_pll7_clk[0]~clkctrl                                                   ; 548     ;
; Rule T101: Nodes with more than the specified number of fan-outs ; LED:led|TurnTimer:turnTimer|cnt[1]~49                                                                                                 ; 49      ;
; Rule T101: Nodes with more than the specified number of fan-outs ; LED:led|TurnTimer:turnTimer|cnt[1]~48                                                                                                 ; 46      ;
; Rule T101: Nodes with more than the specified number of fan-outs ; LED:led|TurnTimer:turnTimer|step[33]~78                                                                                               ; 34      ;
; Rule T101: Nodes with more than the specified number of fan-outs ; LED:led|TurnTimer:turnTimer|row[1]~2                                                                                                  ; 44      ;
; Rule T101: Nodes with more than the specified number of fan-outs ; SDRAM:sdram|SDRAM_SDRAM:sdram|refresh_request                                                                                         ; 31      ;
; Rule T101: Nodes with more than the specified number of fan-outs ; SDRAM:sdram|altera_reset_controller:rst_controller|altera_reset_synchronizer:alt_rst_sync_uq1|altera_reset_synchronizer_int_chain_out ; 135     ;
; Rule T101: Nodes with more than the specified number of fan-outs ; m_state[0]                                                                                                                            ; 47      ;
; Rule T101: Nodes with more than the specified number of fan-outs ; m_state[1]                                                                                                                            ; 34      ;
; Rule T101: Nodes with more than the specified number of fan-outs ; SDRAM:sdram|SDRAM_SDRAM:sdram|active_rnw~2                                                                                            ; 41      ;
; Rule T101: Nodes with more than the specified number of fan-outs ; SDRAM:sdram|SDRAM_SDRAM:sdram|SDRAM_SDRAM_input_efifo_module:the_SDRAM_SDRAM_input_efifo_module|rd_address                            ; 42      ;
; Rule T101: Nodes with more than the specified number of fan-outs ; SDRAM:sdram|SDRAM_SDRAM:sdram|SDRAM_SDRAM_input_efifo_module:the_SDRAM_SDRAM_input_efifo_module|entry_0[42]~0                         ; 41      ;
; Rule T101: Nodes with more than the specified number of fan-outs ; SDRAM:sdram|SDRAM_SDRAM:sdram|SDRAM_SDRAM_input_efifo_module:the_SDRAM_SDRAM_input_efifo_module|entry_1[42]~0                         ; 41      ;
; Rule T101: Nodes with more than the specified number of fan-outs ; SDRAM:sdram|SDRAM_SDRAM:sdram|m_state.000010000                                                                                       ; 44      ;
; Rule T102: Top nodes with the highest number of fan-outs         ; Pll:pll|Pll_altpll_0:altpll_0|Pll_altpll_0_altpll_rrh2:sd1|wire_pll7_clk[0]~clkctrl                                                   ; 548     ;
; Rule T102: Top nodes with the highest number of fan-outs         ; SDRAM:sdram|altera_reset_controller:rst_controller|altera_reset_synchronizer:alt_rst_sync_uq1|altera_reset_synchronizer_int_chain_out ; 135     ;
; Rule T102: Top nodes with the highest number of fan-outs         ; Reset:reset|nReset                                                                                                                    ; 87      ;
; Rule T102: Top nodes with the highest number of fan-outs         ; Pll:pll|Pll_altpll_0:altpll_0|Pll_altpll_0_altpll_rrh2:sd1|wire_pll7_clk[1]~clkctrl                                                   ; 80      ;
; Rule T102: Top nodes with the highest number of fan-outs         ; LED:led|TurnTimer:turnTimer|cnt[1]~49                                                                                                 ; 49      ;
; Rule T102: Top nodes with the highest number of fan-outs         ; m_state[0]                                                                                                                            ; 47      ;
; Rule T102: Top nodes with the highest number of fan-outs         ; LED:led|TurnTimer:turnTimer|cnt[1]~48                                                                                                 ; 46      ;
; Rule T102: Top nodes with the highest number of fan-outs         ; LED:led|TurnTimer:turnTimer|row[1]~2                                                                                                  ; 44      ;
; Rule T102: Top nodes with the highest number of fan-outs         ; SDRAM:sdram|SDRAM_SDRAM:sdram|m_state.000010000                                                                                       ; 44      ;
; Rule T102: Top nodes with the highest number of fan-outs         ; SDRAM:sdram|SDRAM_SDRAM:sdram|SDRAM_SDRAM_input_efifo_module:the_SDRAM_SDRAM_input_efifo_module|rd_address                            ; 42      ;
; Rule T102: Top nodes with the highest number of fan-outs         ; SDRAM:sdram|SDRAM_SDRAM:sdram|SDRAM_SDRAM_input_efifo_module:the_SDRAM_SDRAM_input_efifo_module|entry_1[42]~0                         ; 41      ;
; Rule T102: Top nodes with the highest number of fan-outs         ; SDRAM:sdram|SDRAM_SDRAM:sdram|SDRAM_SDRAM_input_efifo_module:the_SDRAM_SDRAM_input_efifo_module|entry_0[42]~0                         ; 41      ;
; Rule T102: Top nodes with the highest number of fan-outs         ; SDRAM:sdram|SDRAM_SDRAM:sdram|active_rnw~2                                                                                            ; 41      ;
; Rule T102: Top nodes with the highest number of fan-outs         ; LED:led|state[0]                                                                                                                      ; 35      ;
; Rule T102: Top nodes with the highest number of fan-outs         ; m_state[1]                                                                                                                            ; 34      ;
; Rule T102: Top nodes with the highest number of fan-outs         ; LED:led|TurnTimer:turnTimer|step[33]~78                                                                                               ; 34      ;
; Rule T102: Top nodes with the highest number of fan-outs         ; SDRAM:sdram|SDRAM_SDRAM:sdram|refresh_request                                                                                         ; 31      ;
; Rule T102: Top nodes with the highest number of fan-outs         ; SDRAM:sdram|SDRAM_SDRAM:sdram|m_state.000000010                                                                                       ; 30      ;
; Rule T102: Top nodes with the highest number of fan-outs         ; LED:led|InitLed:initLed|TLC5955:tlc5955|DONE                                                                                          ; 28      ;
; Rule T102: Top nodes with the highest number of fan-outs         ; DVI:dvi|vsyncFound                                                                                                                    ; 28      ;
; Rule T102: Top nodes with the highest number of fan-outs         ; DVI:dvi|VideoFifo:videoFifo|dcfifo:dcfifo_component|dcfifo_oei1:auto_generated|valid_rdreq~0                                          ; 26      ;
; Rule T102: Top nodes with the highest number of fan-outs         ; SDRAM:sdram|SDRAM_SDRAM:sdram|m_state.000000001                                                                                       ; 25      ;
; Rule T102: Top nodes with the highest number of fan-outs         ; LED:led|addressAll[22]~45                                                                                                             ; 24      ;
; Rule T102: Top nodes with the highest number of fan-outs         ; writeWordAddress[22]~44                                                                                                               ; 24      ;
; Rule T102: Top nodes with the highest number of fan-outs         ; SDRAM:sdram|SDRAM_SDRAM:sdram|init_done                                                                                               ; 21      ;
; Rule T102: Top nodes with the highest number of fan-outs         ; DVI:dvi|VideoFifo:videoFifo|dcfifo:dcfifo_component|dcfifo_oei1:auto_generated|valid_wrreq~4                                          ; 20      ;
; Rule T102: Top nodes with the highest number of fan-outs         ; SDRAM:sdram|SDRAM_SDRAM:sdram|m_state.001000000                                                                                       ; 19      ;
; Rule T102: Top nodes with the highest number of fan-outs         ; SDRAM:sdram|SDRAM_SDRAM:sdram|WideOr9~0                                                                                               ; 19      ;
; Rule T102: Top nodes with the highest number of fan-outs         ; SDRAM:sdram|SDRAM_SDRAM:sdram|always5~0                                                                                               ; 18      ;
; Rule T102: Top nodes with the highest number of fan-outs         ; DVI:dvi|VideoFifo:videoFifo|dcfifo:dcfifo_component|dcfifo_oei1:auto_generated|valid_rdreq~1                                          ; 18      ;
; Rule T102: Top nodes with the highest number of fan-outs         ; LED:led|readCnt[11]~20                                                                                                                ; 16      ;
; Rule T102: Top nodes with the highest number of fan-outs         ; LED:led|readCnt[11]~18                                                                                                                ; 16      ;
; Rule T102: Top nodes with the highest number of fan-outs         ; SDRAM:sdram|SDRAM_SDRAM:sdram|m_data[8]~0                                                                                             ; 16      ;
; Rule T102: Top nodes with the highest number of fan-outs         ; SDRAM:sdram|SDRAM_SDRAM:sdram|m_addr[7]~0                                                                                             ; 15      ;
; Rule T102: Top nodes with the highest number of fan-outs         ; ~GND                                                                                                                                  ; 15      ;
; Rule T102: Top nodes with the highest number of fan-outs         ; SDRAM:sdram|SDRAM_SDRAM:sdram|m_state.100000000                                                                                       ; 14      ;
; Rule T102: Top nodes with the highest number of fan-outs         ; LED:led|LedCtrl:ledCtrl|m_state.0101                                                                                                  ; 13      ;
; Rule T102: Top nodes with the highest number of fan-outs         ; SDRAM:sdram|SDRAM_SDRAM:sdram|Selector41~0                                                                                            ; 13      ;
; Rule T102: Top nodes with the highest number of fan-outs         ; SDRAM:sdram|SDRAM_SDRAM:sdram|m_count[1]                                                                                              ; 13      ;
; Rule T102: Top nodes with the highest number of fan-outs         ; SDRAM:sdram|SDRAM_SDRAM:sdram|Selector92~1                                                                                            ; 13      ;
; Rule T102: Top nodes with the highest number of fan-outs         ; LED:led|InitLed:initLed|i_state.0100                                                                                                  ; 12      ;
; Rule T102: Top nodes with the highest number of fan-outs         ; SDRAM:sdram|SDRAM_SDRAM:sdram|SDRAM_SDRAM_input_efifo_module:the_SDRAM_SDRAM_input_efifo_module|Equal1~0                              ; 12      ;
; Rule T102: Top nodes with the highest number of fan-outs         ; SDRAM:sdram|SDRAM_SDRAM:sdram|i_state.011                                                                                             ; 12      ;
; Rule T102: Top nodes with the highest number of fan-outs         ; SDRAM:sdram|SDRAM_SDRAM:sdram|i_addr[12]                                                                                              ; 12      ;
; Rule T102: Top nodes with the highest number of fan-outs         ; SDRAM:sdram|SDRAM_SDRAM:sdram|i_state.101                                                                                             ; 11      ;
; Rule T102: Top nodes with the highest number of fan-outs         ; SDRAM:sdram|SDRAM_SDRAM:sdram|Equal0~4                                                                                                ; 11      ;
; Rule T102: Top nodes with the highest number of fan-outs         ; DVI:dvi|xCnt[9]~34                                                                                                                    ; 11      ;
; Rule T102: Top nodes with the highest number of fan-outs         ; SDRAM:sdram|SDRAM_SDRAM:sdram|i_state.000                                                                                             ; 11      ;
; Rule T102: Top nodes with the highest number of fan-outs         ; DVI:dvi|yCnt[3]~33                                                                                                                    ; 11      ;
; Rule T102: Top nodes with the highest number of fan-outs         ; LED:led|state[2]                                                                                                                      ; 11      ;
+------------------------------------------------------------------+---------------------------------------------------------------------------------------------------------------------------------------+---------+


+---------------------------+
; Design Assistant Messages ;
+---------------------------+
Info: *******************************************************************
Info: Running Quartus Prime Design Assistant
    Info: Version 21.1.0 Build 842 10/21/2021 SJ Lite Edition
    Info: Processing started: Sun Feb 20 15:07:09 2022
Info: Command: quartus_drc flicker -c top
Warning (18236): Number of processors has not been specified which may cause overloading on shared machines.  Set the global assignment NUM_PARALLEL_PROCESSORS in your QSF to an appropriate value for best performance.
Info (332164): Evaluating HDL-embedded SDC commands
    Info (332165): Entity dcfifo_oei1
        Info (332166): set_false_path -from *rdptr_g* -to *ws_dgrp|dffpipe_3v8:dffpipe17|dffe18a* 
        Info (332166): set_false_path -from *delayed_wrptr_g* -to *rs_dgwp|dffpipe_2v8:dffpipe14|dffe15a* 
Info (332104): Reading SDC File: 'SDRAM/synthesis/submodules/altera_reset_controller.sdc'
Info (332144): No user constrained generated clocks found in the design
Info (332144): No user constrained base clocks found in the design
Info (332143): No user constrained clock uncertainty found in the design. Calling "derive_clock_uncertainty"
Info (332123): Deriving Clock Uncertainty. Please refer to report_sdc in the Timing Analyzer to see clock uncertainties.
Critical Warning (308042): (High) Rule C105: Clock signal should be a global signal. (Reporting threshold:25). Found 1 node(s) related to this rule.
    Info (308076): The following clocks all contain more than 25 fanouts. You can either change the following clock signals to global signals, or adjust the reporting threshold in the Design Assistant Settings page.
    Critical Warning (308012): Node  "PIXCLK" File: C:/Users/itsan/Documents/1GitRepositories/Voxel/EmbeddedSoftware/fpga/top.sv Line: 13
Critical Warning (308060): (High) Rule D101: Data bits are not synchronized when transferred between asynchronous clock domains. (Value defined:2). Found 3 asynchronous clock domain interface structure(s) related to this rule.
    Critical Warning (308012): Node  "Reset:reset|nReset" File: C:/Users/itsan/Documents/1GitRepositories/Voxel/EmbeddedSoftware/fpga/Reset.sv Line: 4
    Critical Warning (308012): Node  "LED:led|LedCtrl:ledCtrl|busy" File: C:/Users/itsan/Documents/1GitRepositories/Voxel/EmbeddedSoftware/fpga/LedCtrl.sv Line: 8
    Critical Warning (308012): Node  "LED:led|mag" File: C:/Users/itsan/Documents/1GitRepositories/Voxel/EmbeddedSoftware/fpga/LED.sv Line: 116
Critical Warning (308067): (High) Rule D103: Data bits are not correctly synchronized when transferred between asynchronous clock domains. (Value defined:2). Found 1 asynchronous clock domain interface structure(s) related to this rule.
    Critical Warning (308012): Node  "Reset:reset|nReset" File: C:/Users/itsan/Documents/1GitRepositories/Voxel/EmbeddedSoftware/fpga/Reset.sv Line: 4
Warning (308022): (Medium) Rule C106: Clock signal source should not drive registers triggered by different clock edges. Found 1 node(s) related to this rule.
    Warning (308010): Node  "PIXCLK" File: C:/Users/itsan/Documents/1GitRepositories/Voxel/EmbeddedSoftware/fpga/top.sv Line: 13
Warning (308027): (Medium) Rule R105: The reset signal that is generated in one clock domain and used in another clock domain should be synchronized. Found 1 node(s) related to this rule.
    Warning (308010): Node  "Reset:reset|nReset" File: C:/Users/itsan/Documents/1GitRepositories/Voxel/EmbeddedSoftware/fpga/Reset.sv Line: 4
Info (308046): (Information) Rule T101: Nodes with more than the specified number of fan-outs. (Value defined:30). Found 17 node(s) with highest fan-out.
    Info (308011): Node  "Reset:reset|nReset" File: C:/Users/itsan/Documents/1GitRepositories/Voxel/EmbeddedSoftware/fpga/Reset.sv Line: 4
    Info (308011): Node  "LED:led|state[0]" File: C:/Users/itsan/Documents/1GitRepositories/Voxel/EmbeddedSoftware/fpga/LED.sv Line: 157
    Info (308011): Node  "Pll:pll|Pll_altpll_0:altpll_0|Pll_altpll_0_altpll_rrh2:sd1|wire_pll7_clk[1]~clkctrl" File: C:/Users/itsan/Documents/1GitRepositories/Voxel/EmbeddedSoftware/fpga/pll/synthesis/submodules/Pll_altpll_0.v Line: 151
    Info (308011): Node  "Pll:pll|Pll_altpll_0:altpll_0|Pll_altpll_0_altpll_rrh2:sd1|wire_pll7_clk[0]~clkctrl" File: C:/Users/itsan/Documents/1GitRepositories/Voxel/EmbeddedSoftware/fpga/pll/synthesis/submodules/Pll_altpll_0.v Line: 151
    Info (308011): Node  "LED:led|TurnTimer:turnTimer|cnt[1]~49" File: C:/Users/itsan/Documents/1GitRepositories/Voxel/EmbeddedSoftware/fpga/TurnTimer.sv Line: 111
    Info (308011): Node  "LED:led|TurnTimer:turnTimer|cnt[1]~48" File: C:/Users/itsan/Documents/1GitRepositories/Voxel/EmbeddedSoftware/fpga/TurnTimer.sv Line: 111
    Info (308011): Node  "LED:led|TurnTimer:turnTimer|step[33]~78" File: C:/Users/itsan/Documents/1GitRepositories/Voxel/EmbeddedSoftware/fpga/TurnTimer.sv Line: 111
    Info (308011): Node  "LED:led|TurnTimer:turnTimer|row[1]~2" File: C:/Users/itsan/Documents/1GitRepositories/Voxel/EmbeddedSoftware/fpga/TurnTimer.sv Line: 68
    Info (308011): Node  "SDRAM:sdram|SDRAM_SDRAM:sdram|refresh_request" File: C:/Users/itsan/Documents/1GitRepositories/Voxel/EmbeddedSoftware/fpga/SDRAM/synthesis/submodules/SDRAM_SDRAM.v Line: 256
    Info (308011): Node  "SDRAM:sdram|altera_reset_controller:rst_controller|altera_reset_synchronizer:alt_rst_sync_uq1|altera_reset_synchronizer_int_chain_out" File: C:/Users/itsan/Documents/1GitRepositories/Voxel/EmbeddedSoftware/fpga/SDRAM/synthesis/submodules/altera_reset_synchronizer.v Line: 62
    Info (308011): Node  "m_state[0]" File: C:/Users/itsan/Documents/1GitRepositories/Voxel/EmbeddedSoftware/fpga/top.sv Line: 145
    Info (308011): Node  "m_state[1]" File: C:/Users/itsan/Documents/1GitRepositories/Voxel/EmbeddedSoftware/fpga/top.sv Line: 145
    Info (308011): Node  "SDRAM:sdram|SDRAM_SDRAM:sdram|active_rnw~2" File: C:/Users/itsan/Documents/1GitRepositories/Voxel/EmbeddedSoftware/fpga/SDRAM/synthesis/submodules/SDRAM_SDRAM.v Line: 215
    Info (308011): Node  "SDRAM:sdram|SDRAM_SDRAM:sdram|SDRAM_SDRAM_input_efifo_module:the_SDRAM_SDRAM_input_efifo_module|rd_address" File: C:/Users/itsan/Documents/1GitRepositories/Voxel/EmbeddedSoftware/fpga/SDRAM/synthesis/submodules/SDRAM_SDRAM.v Line: 57
    Info (308011): Node  "SDRAM:sdram|SDRAM_SDRAM:sdram|SDRAM_SDRAM_input_efifo_module:the_SDRAM_SDRAM_input_efifo_module|entry_0[42]~0" File: C:/Users/itsan/Documents/1GitRepositories/Voxel/EmbeddedSoftware/fpga/SDRAM/synthesis/submodules/SDRAM_SDRAM.v Line: 126
    Info (308011): Node  "SDRAM:sdram|SDRAM_SDRAM:sdram|SDRAM_SDRAM_input_efifo_module:the_SDRAM_SDRAM_input_efifo_module|entry_1[42]~0" File: C:/Users/itsan/Documents/1GitRepositories/Voxel/EmbeddedSoftware/fpga/SDRAM/synthesis/submodules/SDRAM_SDRAM.v Line: 126
    Info (308011): Node  "SDRAM:sdram|SDRAM_SDRAM:sdram|m_state.000010000" File: C:/Users/itsan/Documents/1GitRepositories/Voxel/EmbeddedSoftware/fpga/SDRAM/synthesis/submodules/SDRAM_SDRAM.v Line: 250
Info (308044): (Information) Rule T102: Top nodes with the highest number of fan-outs. (Value defined:50). Found 50 node(s) with highest fan-out.
    Info (308011): Node  "Pll:pll|Pll_altpll_0:altpll_0|Pll_altpll_0_altpll_rrh2:sd1|wire_pll7_clk[0]~clkctrl" File: C:/Users/itsan/Documents/1GitRepositories/Voxel/EmbeddedSoftware/fpga/pll/synthesis/submodules/Pll_altpll_0.v Line: 151
    Info (308011): Node  "SDRAM:sdram|altera_reset_controller:rst_controller|altera_reset_synchronizer:alt_rst_sync_uq1|altera_reset_synchronizer_int_chain_out" File: C:/Users/itsan/Documents/1GitRepositories/Voxel/EmbeddedSoftware/fpga/SDRAM/synthesis/submodules/altera_reset_synchronizer.v Line: 62
    Info (308011): Node  "Reset:reset|nReset" File: C:/Users/itsan/Documents/1GitRepositories/Voxel/EmbeddedSoftware/fpga/Reset.sv Line: 4
    Info (308011): Node  "Pll:pll|Pll_altpll_0:altpll_0|Pll_altpll_0_altpll_rrh2:sd1|wire_pll7_clk[1]~clkctrl" File: C:/Users/itsan/Documents/1GitRepositories/Voxel/EmbeddedSoftware/fpga/pll/synthesis/submodules/Pll_altpll_0.v Line: 151
    Info (308011): Node  "LED:led|TurnTimer:turnTimer|cnt[1]~49" File: C:/Users/itsan/Documents/1GitRepositories/Voxel/EmbeddedSoftware/fpga/TurnTimer.sv Line: 111
    Info (308011): Node  "m_state[0]" File: C:/Users/itsan/Documents/1GitRepositories/Voxel/EmbeddedSoftware/fpga/top.sv Line: 145
    Info (308011): Node  "LED:led|TurnTimer:turnTimer|cnt[1]~48" File: C:/Users/itsan/Documents/1GitRepositories/Voxel/EmbeddedSoftware/fpga/TurnTimer.sv Line: 111
    Info (308011): Node  "LED:led|TurnTimer:turnTimer|row[1]~2" File: C:/Users/itsan/Documents/1GitRepositories/Voxel/EmbeddedSoftware/fpga/TurnTimer.sv Line: 68
    Info (308011): Node  "SDRAM:sdram|SDRAM_SDRAM:sdram|m_state.000010000" File: C:/Users/itsan/Documents/1GitRepositories/Voxel/EmbeddedSoftware/fpga/SDRAM/synthesis/submodules/SDRAM_SDRAM.v Line: 250
    Info (308011): Node  "SDRAM:sdram|SDRAM_SDRAM:sdram|SDRAM_SDRAM_input_efifo_module:the_SDRAM_SDRAM_input_efifo_module|rd_address" File: C:/Users/itsan/Documents/1GitRepositories/Voxel/EmbeddedSoftware/fpga/SDRAM/synthesis/submodules/SDRAM_SDRAM.v Line: 57
    Info (308011): Node  "SDRAM:sdram|SDRAM_SDRAM:sdram|SDRAM_SDRAM_input_efifo_module:the_SDRAM_SDRAM_input_efifo_module|entry_1[42]~0" File: C:/Users/itsan/Documents/1GitRepositories/Voxel/EmbeddedSoftware/fpga/SDRAM/synthesis/submodules/SDRAM_SDRAM.v Line: 126
    Info (308011): Node  "SDRAM:sdram|SDRAM_SDRAM:sdram|SDRAM_SDRAM_input_efifo_module:the_SDRAM_SDRAM_input_efifo_module|entry_0[42]~0" File: C:/Users/itsan/Documents/1GitRepositories/Voxel/EmbeddedSoftware/fpga/SDRAM/synthesis/submodules/SDRAM_SDRAM.v Line: 126
    Info (308011): Node  "SDRAM:sdram|SDRAM_SDRAM:sdram|active_rnw~2" File: C:/Users/itsan/Documents/1GitRepositories/Voxel/EmbeddedSoftware/fpga/SDRAM/synthesis/submodules/SDRAM_SDRAM.v Line: 215
    Info (308011): Node  "LED:led|state[0]" File: C:/Users/itsan/Documents/1GitRepositories/Voxel/EmbeddedSoftware/fpga/LED.sv Line: 157
    Info (308011): Node  "m_state[1]" File: C:/Users/itsan/Documents/1GitRepositories/Voxel/EmbeddedSoftware/fpga/top.sv Line: 145
    Info (308011): Node  "LED:led|TurnTimer:turnTimer|step[33]~78" File: C:/Users/itsan/Documents/1GitRepositories/Voxel/EmbeddedSoftware/fpga/TurnTimer.sv Line: 111
    Info (308011): Node  "SDRAM:sdram|SDRAM_SDRAM:sdram|refresh_request" File: C:/Users/itsan/Documents/1GitRepositories/Voxel/EmbeddedSoftware/fpga/SDRAM/synthesis/submodules/SDRAM_SDRAM.v Line: 256
    Info (308011): Node  "SDRAM:sdram|SDRAM_SDRAM:sdram|m_state.000000010" File: C:/Users/itsan/Documents/1GitRepositories/Voxel/EmbeddedSoftware/fpga/SDRAM/synthesis/submodules/SDRAM_SDRAM.v Line: 250
    Info (308011): Node  "LED:led|InitLed:initLed|TLC5955:tlc5955|DONE" File: C:/Users/itsan/Documents/1GitRepositories/Voxel/EmbeddedSoftware/fpga/TLC5955.sv Line: 10
    Info (308011): Node  "DVI:dvi|vsyncFound" File: C:/Users/itsan/Documents/1GitRepositories/Voxel/EmbeddedSoftware/fpga/DVI.sv Line: 40
    Info (308011): Node  "DVI:dvi|VideoFifo:videoFifo|dcfifo:dcfifo_component|dcfifo_oei1:auto_generated|valid_rdreq~0" File: C:/Users/itsan/Documents/1GitRepositories/Voxel/EmbeddedSoftware/fpga/db/dcfifo_oei1.tdf Line: 84
    Info (308011): Node  "SDRAM:sdram|SDRAM_SDRAM:sdram|m_state.000000001" File: C:/Users/itsan/Documents/1GitRepositories/Voxel/EmbeddedSoftware/fpga/SDRAM/synthesis/submodules/SDRAM_SDRAM.v Line: 250
    Info (308011): Node  "LED:led|addressAll[22]~45" File: C:/Users/itsan/Documents/1GitRepositories/Voxel/EmbeddedSoftware/fpga/LED.sv Line: 157
    Info (308011): Node  "writeWordAddress[22]~44" File: C:/Users/itsan/Documents/1GitRepositories/Voxel/EmbeddedSoftware/fpga/top.sv Line: 145
    Info (308011): Node  "SDRAM:sdram|SDRAM_SDRAM:sdram|init_done" File: C:/Users/itsan/Documents/1GitRepositories/Voxel/EmbeddedSoftware/fpga/SDRAM/synthesis/submodules/SDRAM_SDRAM.v Line: 242
    Info (308011): Node  "DVI:dvi|VideoFifo:videoFifo|dcfifo:dcfifo_component|dcfifo_oei1:auto_generated|valid_wrreq~4" File: C:/Users/itsan/Documents/1GitRepositories/Voxel/EmbeddedSoftware/fpga/db/dcfifo_oei1.tdf Line: 85
    Info (308011): Node  "SDRAM:sdram|SDRAM_SDRAM:sdram|m_state.001000000" File: C:/Users/itsan/Documents/1GitRepositories/Voxel/EmbeddedSoftware/fpga/SDRAM/synthesis/submodules/SDRAM_SDRAM.v Line: 250
    Info (308011): Node  "SDRAM:sdram|SDRAM_SDRAM:sdram|WideOr9~0" File: C:/Users/itsan/Documents/1GitRepositories/Voxel/EmbeddedSoftware/fpga/SDRAM/synthesis/submodules/SDRAM_SDRAM.v Line: 444
    Info (308011): Node  "SDRAM:sdram|SDRAM_SDRAM:sdram|always5~0"
    Info (308011): Node  "DVI:dvi|VideoFifo:videoFifo|dcfifo:dcfifo_component|dcfifo_oei1:auto_generated|valid_rdreq~1" File: C:/Users/itsan/Documents/1GitRepositories/Voxel/EmbeddedSoftware/fpga/db/dcfifo_oei1.tdf Line: 84
    Info (308002): Truncated list of Design Assistant messages to 30 messages. Go to sections under Design Assistant section of Compilation Report for complete lists of Design Assistant messages generated.
Info (308007): Design Assistant information: finished post-fitting analysis of current design -- generated 67 information messages and 7 warning messages
Info: Quartus Prime Design Assistant was successful. 0 errors, 13 warnings
    Info: Peak virtual memory: 4651 megabytes
    Info: Processing ended: Sun Feb 20 15:07:10 2022
    Info: Elapsed time: 00:00:01
    Info: Total CPU time (on all processors): 00:00:01


